Build started 26-05-2019 22:24:57.
     1>Project "C:\Users\SHAIK FAYAZ\Documents\Visual Studio 2013\Projects\summer2\summer2\summer2.vcxproj" on node 2 (Build target(s)).
     1>ClCompile:
         C:\Program Files (x86)\Microsoft Visual Studio 12.0\VC\bin\CL.exe /c /ZI /nologo /W3 /WX- /sdl /Od /Oy- /D WIN32 /D _DEBUG /D _CONSOLE /D _LIB /D _UNICODE /D UNICODE /Gm /EHsc /RTC1 /MDd /GS /fp:precise /Zc:wchar_t /Zc:forScope /Yu"stdafx.h" /Fp"Debug\summer2.pch" /Fo"Debug\\" /Fd"Debug\vc120.pdb" /Gd /TP /analyze- /errorReport:prompt FIB_MAT.cpp LinkedList_recursion.cpp
         LinkedList_recursion.cpp
         FIB_MAT.cpp
         Generating Code...
       Link:
         C:\Program Files (x86)\Microsoft Visual Studio 12.0\VC\bin\link.exe /ERRORREPORT:PROMPT /OUT:"C:\Users\SHAIK FAYAZ\Documents\Visual Studio 2013\Projects\summer2\Debug\summer2.exe" /INCREMENTAL /NOLOGO kernel32.lib user32.lib gdi32.lib winspool.lib comdlg32.lib advapi32.lib shell32.lib ole32.lib oleaut32.lib uuid.lib odbc32.lib odbccp32.lib /MANIFEST /MANIFESTUAC:"level='asInvoker' uiAccess='false'" /manifest:embed /DEBUG /PDB:"C:\Users\SHAIK FAYAZ\Documents\Visual Studio 2013\Projects\summer2\Debug\summer2.pdb" /SUBSYSTEM:CONSOLE /TLBID:1 /DYNAMICBASE /NXCOMPAT /IMPLIB:"C:\Users\SHAIK FAYAZ\Documents\Visual Studio 2013\Projects\summer2\Debug\summer2.lib" /MACHINE:X86 Debug\cross_puzzle.obj
         Debug\doubly_linkedlist.obj
         Debug\FIB_MAT.obj
         Debug\kJumps.obj
         Debug\LinkedList_recursion.obj
         Debug\permutations.obj
         Debug\print_n.obj
         Debug\stdafx.obj
         Debug\summer2.obj
         summer2.vcxproj -> C:\Users\SHAIK FAYAZ\Documents\Visual Studio 2013\Projects\summer2\Debug\summer2.exe
     1>Done Building Project "C:\Users\SHAIK FAYAZ\Documents\Visual Studio 2013\Projects\summer2\summer2\summer2.vcxproj" (Build target(s)).

Build succeeded.

Time Elapsed 00:00:03.19
